ARM GAS  C:\Users\tyran\AppData\Local\Temp\ccHmZahx.s 			page 1


   1              		.cpu cortex-m0
   2              		.fpu softvfp
   3              		.eabi_attribute 20, 1
   4              		.eabi_attribute 21, 1
   5              		.eabi_attribute 23, 3
   6              		.eabi_attribute 24, 1
   7              		.eabi_attribute 25, 1
   8              		.eabi_attribute 26, 1
   9              		.eabi_attribute 30, 1
  10              		.eabi_attribute 34, 0
  11              		.eabi_attribute 18, 4
  12              		.code	16
  13              		.file	"LEDFunctions.c"
  14              		.text
  15              	.Ltext0:
  16              		.cfi_sections	.debug_frame
  17              		.section	.text.setStateOff,"ax",%progbits
  18              		.align	2
  19              		.global	setStateOff
  20              		.code	16
  21              		.thumb_func
  22              		.type	setStateOff, %function
  23              	setStateOff:
  24              	.LFB35:
  25              		.file 1 "LEDFunctions.c"
   1:LEDFunctions.c **** /* ========================================
   2:LEDFunctions.c ****  *
   3:LEDFunctions.c ****  * Copyright YOUR COMPANY, THE YEAR
   4:LEDFunctions.c ****  * All Rights Reserved
   5:LEDFunctions.c ****  * UNPUBLISHED, LICENSED SOFTWARE.
   6:LEDFunctions.c ****  *
   7:LEDFunctions.c ****  * CONFIDENTIAL AND PROPRIETARY INFORMATION
   8:LEDFunctions.c ****  * WHICH IS THE PROPERTY OF your company.
   9:LEDFunctions.c ****  *
  10:LEDFunctions.c ****  * ========================================
  11:LEDFunctions.c **** */
  12:LEDFunctions.c **** #include <project.h>
  13:LEDFunctions.c **** 
  14:LEDFunctions.c **** /*
  15:LEDFunctions.c **** LED Pin Layout
  16:LEDFunctions.c **** LED 1: 1.2
  17:LEDFunctions.c **** LED 2: 0.5
  18:LEDFunctions.c **** LED 3: 1.0
  19:LEDFunctions.c **** LED 4: 3.0
  20:LEDFunctions.c **** LED 5: 3.2
  21:LEDFunctions.c **** LED 6: 4.0
  22:LEDFunctions.c **** */
  23:LEDFunctions.c **** void setStateOff()
  24:LEDFunctions.c **** {
  26              		.loc 1 24 0
  27              		.cfi_startproc
  25:LEDFunctions.c ****     
  26:LEDFunctions.c **** }
  28              		.loc 1 26 0
  29              		@ sp needed
  30 0000 7047     		bx	lr
  31              		.cfi_endproc
ARM GAS  C:\Users\tyran\AppData\Local\Temp\ccHmZahx.s 			page 2


  32              	.LFE35:
  33              		.size	setStateOff, .-setStateOff
  34 0002 C046     		.section	.text.binary1,"ax",%progbits
  35              		.align	2
  36              		.global	binary1
  37              		.code	16
  38              		.thumb_func
  39              		.type	binary1, %function
  40              	binary1:
  41              	.LFB36:
  27:LEDFunctions.c **** 
  28:LEDFunctions.c **** void binary1(double n)
  29:LEDFunctions.c **** {
  42              		.loc 1 29 0
  43              		.cfi_startproc
  44              	.LVL0:
  30:LEDFunctions.c ****     double delayValue = n;
  31:LEDFunctions.c **** }
  45              		.loc 1 31 0
  46              		@ sp needed
  47 0000 7047     		bx	lr
  48              		.cfi_endproc
  49              	.LFE36:
  50              		.size	binary1, .-binary1
  51 0002 C046     		.text
  52              	.Letext0:
  53              		.section	.debug_info,"",%progbits
  54              	.Ldebug_info0:
  55 0000 C9000000 		.4byte	0xc9
  56 0004 0400     		.2byte	0x4
  57 0006 00000000 		.4byte	.Ldebug_abbrev0
  58 000a 04       		.byte	0x4
  59 000b 01       		.uleb128 0x1
  60 000c 11010000 		.4byte	.LASF13
  61 0010 01       		.byte	0x1
  62 0011 02010000 		.4byte	.LASF14
  63 0015 5D000000 		.4byte	.LASF15
  64 0019 00000000 		.4byte	.Ldebug_ranges0+0
  65 001d 00000000 		.4byte	0
  66 0021 00000000 		.4byte	.Ldebug_line0
  67 0025 02       		.uleb128 0x2
  68 0026 01       		.byte	0x1
  69 0027 06       		.byte	0x6
  70 0028 F6000000 		.4byte	.LASF0
  71 002c 02       		.uleb128 0x2
  72 002d 01       		.byte	0x1
  73 002e 08       		.byte	0x8
  74 002f B4000000 		.4byte	.LASF1
  75 0033 02       		.uleb128 0x2
  76 0034 02       		.byte	0x2
  77 0035 05       		.byte	0x5
  78 0036 9F010000 		.4byte	.LASF2
  79 003a 02       		.uleb128 0x2
  80 003b 02       		.byte	0x2
  81 003c 07       		.byte	0x7
  82 003d E3000000 		.4byte	.LASF3
  83 0041 02       		.uleb128 0x2
ARM GAS  C:\Users\tyran\AppData\Local\Temp\ccHmZahx.s 			page 3


  84 0042 04       		.byte	0x4
  85 0043 05       		.byte	0x5
  86 0044 C7000000 		.4byte	.LASF4
  87 0048 02       		.uleb128 0x2
  88 0049 04       		.byte	0x4
  89 004a 07       		.byte	0x7
  90 004b 2E000000 		.4byte	.LASF5
  91 004f 02       		.uleb128 0x2
  92 0050 08       		.byte	0x8
  93 0051 05       		.byte	0x5
  94 0052 00000000 		.4byte	.LASF6
  95 0056 02       		.uleb128 0x2
  96 0057 08       		.byte	0x8
  97 0058 07       		.byte	0x7
  98 0059 40000000 		.4byte	.LASF7
  99 005d 03       		.uleb128 0x3
 100 005e 04       		.byte	0x4
 101 005f 05       		.byte	0x5
 102 0060 696E7400 		.ascii	"int\000"
 103 0064 02       		.uleb128 0x2
 104 0065 04       		.byte	0x4
 105 0066 07       		.byte	0x7
 106 0067 0E000000 		.4byte	.LASF8
 107 006b 02       		.uleb128 0x2
 108 006c 04       		.byte	0x4
 109 006d 04       		.byte	0x4
 110 006e 57000000 		.4byte	.LASF9
 111 0072 02       		.uleb128 0x2
 112 0073 08       		.byte	0x8
 113 0074 04       		.byte	0x4
 114 0075 D0000000 		.4byte	.LASF10
 115 0079 02       		.uleb128 0x2
 116 007a 01       		.byte	0x1
 117 007b 08       		.byte	0x8
 118 007c C2000000 		.4byte	.LASF11
 119 0080 02       		.uleb128 0x2
 120 0081 04       		.byte	0x4
 121 0082 07       		.byte	0x7
 122 0083 A9010000 		.4byte	.LASF12
 123 0087 04       		.uleb128 0x4
 124 0088 D7000000 		.4byte	.LASF16
 125 008c 01       		.byte	0x1
 126 008d 17       		.byte	0x17
 127 008e 00000000 		.4byte	.LFB35
 128 0092 02000000 		.4byte	.LFE35-.LFB35
 129 0096 01       		.uleb128 0x1
 130 0097 9C       		.byte	0x9c
 131 0098 05       		.uleb128 0x5
 132 0099 26000000 		.4byte	.LASF17
 133 009d 01       		.byte	0x1
 134 009e 1C       		.byte	0x1c
 135 009f 00000000 		.4byte	.LFB36
 136 00a3 02000000 		.4byte	.LFE36-.LFB36
 137 00a7 01       		.uleb128 0x1
 138 00a8 9C       		.byte	0x9c
 139 00a9 06       		.uleb128 0x6
 140 00aa 6E00     		.ascii	"n\000"
ARM GAS  C:\Users\tyran\AppData\Local\Temp\ccHmZahx.s 			page 4


 141 00ac 01       		.byte	0x1
 142 00ad 1C       		.byte	0x1c
 143 00ae 72000000 		.4byte	0x72
 144 00b2 06       		.uleb128 0x6
 145 00b3 50       		.byte	0x50
 146 00b4 93       		.byte	0x93
 147 00b5 04       		.uleb128 0x4
 148 00b6 51       		.byte	0x51
 149 00b7 93       		.byte	0x93
 150 00b8 04       		.uleb128 0x4
 151 00b9 07       		.uleb128 0x7
 152 00ba 1B000000 		.4byte	.LASF18
 153 00be 01       		.byte	0x1
 154 00bf 1E       		.byte	0x1e
 155 00c0 72000000 		.4byte	0x72
 156 00c4 06       		.uleb128 0x6
 157 00c5 50       		.byte	0x50
 158 00c6 93       		.byte	0x93
 159 00c7 04       		.uleb128 0x4
 160 00c8 51       		.byte	0x51
 161 00c9 93       		.byte	0x93
 162 00ca 04       		.uleb128 0x4
 163 00cb 00       		.byte	0
 164 00cc 00       		.byte	0
 165              		.section	.debug_abbrev,"",%progbits
 166              	.Ldebug_abbrev0:
 167 0000 01       		.uleb128 0x1
 168 0001 11       		.uleb128 0x11
 169 0002 01       		.byte	0x1
 170 0003 25       		.uleb128 0x25
 171 0004 0E       		.uleb128 0xe
 172 0005 13       		.uleb128 0x13
 173 0006 0B       		.uleb128 0xb
 174 0007 03       		.uleb128 0x3
 175 0008 0E       		.uleb128 0xe
 176 0009 1B       		.uleb128 0x1b
 177 000a 0E       		.uleb128 0xe
 178 000b 55       		.uleb128 0x55
 179 000c 17       		.uleb128 0x17
 180 000d 11       		.uleb128 0x11
 181 000e 01       		.uleb128 0x1
 182 000f 10       		.uleb128 0x10
 183 0010 17       		.uleb128 0x17
 184 0011 00       		.byte	0
 185 0012 00       		.byte	0
 186 0013 02       		.uleb128 0x2
 187 0014 24       		.uleb128 0x24
 188 0015 00       		.byte	0
 189 0016 0B       		.uleb128 0xb
 190 0017 0B       		.uleb128 0xb
 191 0018 3E       		.uleb128 0x3e
 192 0019 0B       		.uleb128 0xb
 193 001a 03       		.uleb128 0x3
 194 001b 0E       		.uleb128 0xe
 195 001c 00       		.byte	0
 196 001d 00       		.byte	0
 197 001e 03       		.uleb128 0x3
ARM GAS  C:\Users\tyran\AppData\Local\Temp\ccHmZahx.s 			page 5


 198 001f 24       		.uleb128 0x24
 199 0020 00       		.byte	0
 200 0021 0B       		.uleb128 0xb
 201 0022 0B       		.uleb128 0xb
 202 0023 3E       		.uleb128 0x3e
 203 0024 0B       		.uleb128 0xb
 204 0025 03       		.uleb128 0x3
 205 0026 08       		.uleb128 0x8
 206 0027 00       		.byte	0
 207 0028 00       		.byte	0
 208 0029 04       		.uleb128 0x4
 209 002a 2E       		.uleb128 0x2e
 210 002b 00       		.byte	0
 211 002c 3F       		.uleb128 0x3f
 212 002d 19       		.uleb128 0x19
 213 002e 03       		.uleb128 0x3
 214 002f 0E       		.uleb128 0xe
 215 0030 3A       		.uleb128 0x3a
 216 0031 0B       		.uleb128 0xb
 217 0032 3B       		.uleb128 0x3b
 218 0033 0B       		.uleb128 0xb
 219 0034 11       		.uleb128 0x11
 220 0035 01       		.uleb128 0x1
 221 0036 12       		.uleb128 0x12
 222 0037 06       		.uleb128 0x6
 223 0038 40       		.uleb128 0x40
 224 0039 18       		.uleb128 0x18
 225 003a 9742     		.uleb128 0x2117
 226 003c 19       		.uleb128 0x19
 227 003d 00       		.byte	0
 228 003e 00       		.byte	0
 229 003f 05       		.uleb128 0x5
 230 0040 2E       		.uleb128 0x2e
 231 0041 01       		.byte	0x1
 232 0042 3F       		.uleb128 0x3f
 233 0043 19       		.uleb128 0x19
 234 0044 03       		.uleb128 0x3
 235 0045 0E       		.uleb128 0xe
 236 0046 3A       		.uleb128 0x3a
 237 0047 0B       		.uleb128 0xb
 238 0048 3B       		.uleb128 0x3b
 239 0049 0B       		.uleb128 0xb
 240 004a 27       		.uleb128 0x27
 241 004b 19       		.uleb128 0x19
 242 004c 11       		.uleb128 0x11
 243 004d 01       		.uleb128 0x1
 244 004e 12       		.uleb128 0x12
 245 004f 06       		.uleb128 0x6
 246 0050 40       		.uleb128 0x40
 247 0051 18       		.uleb128 0x18
 248 0052 9742     		.uleb128 0x2117
 249 0054 19       		.uleb128 0x19
 250 0055 00       		.byte	0
 251 0056 00       		.byte	0
 252 0057 06       		.uleb128 0x6
 253 0058 05       		.uleb128 0x5
 254 0059 00       		.byte	0
ARM GAS  C:\Users\tyran\AppData\Local\Temp\ccHmZahx.s 			page 6


 255 005a 03       		.uleb128 0x3
 256 005b 08       		.uleb128 0x8
 257 005c 3A       		.uleb128 0x3a
 258 005d 0B       		.uleb128 0xb
 259 005e 3B       		.uleb128 0x3b
 260 005f 0B       		.uleb128 0xb
 261 0060 49       		.uleb128 0x49
 262 0061 13       		.uleb128 0x13
 263 0062 02       		.uleb128 0x2
 264 0063 18       		.uleb128 0x18
 265 0064 00       		.byte	0
 266 0065 00       		.byte	0
 267 0066 07       		.uleb128 0x7
 268 0067 34       		.uleb128 0x34
 269 0068 00       		.byte	0
 270 0069 03       		.uleb128 0x3
 271 006a 0E       		.uleb128 0xe
 272 006b 3A       		.uleb128 0x3a
 273 006c 0B       		.uleb128 0xb
 274 006d 3B       		.uleb128 0x3b
 275 006e 0B       		.uleb128 0xb
 276 006f 49       		.uleb128 0x49
 277 0070 13       		.uleb128 0x13
 278 0071 02       		.uleb128 0x2
 279 0072 18       		.uleb128 0x18
 280 0073 00       		.byte	0
 281 0074 00       		.byte	0
 282 0075 00       		.byte	0
 283              		.section	.debug_aranges,"",%progbits
 284 0000 24000000 		.4byte	0x24
 285 0004 0200     		.2byte	0x2
 286 0006 00000000 		.4byte	.Ldebug_info0
 287 000a 04       		.byte	0x4
 288 000b 00       		.byte	0
 289 000c 0000     		.2byte	0
 290 000e 0000     		.2byte	0
 291 0010 00000000 		.4byte	.LFB35
 292 0014 02000000 		.4byte	.LFE35-.LFB35
 293 0018 00000000 		.4byte	.LFB36
 294 001c 02000000 		.4byte	.LFE36-.LFB36
 295 0020 00000000 		.4byte	0
 296 0024 00000000 		.4byte	0
 297              		.section	.debug_ranges,"",%progbits
 298              	.Ldebug_ranges0:
 299 0000 00000000 		.4byte	.LFB35
 300 0004 02000000 		.4byte	.LFE35
 301 0008 00000000 		.4byte	.LFB36
 302 000c 02000000 		.4byte	.LFE36
 303 0010 00000000 		.4byte	0
 304 0014 00000000 		.4byte	0
 305              		.section	.debug_line,"",%progbits
 306              	.Ldebug_line0:
 307 0000 4B000000 		.section	.debug_str,"MS",%progbits,1
 307      02002500 
 307      00000201 
 307      FB0E0D00 
 307      01010101 
ARM GAS  C:\Users\tyran\AppData\Local\Temp\ccHmZahx.s 			page 7


 308              	.LASF6:
 309 0000 6C6F6E67 		.ascii	"long long int\000"
 309      206C6F6E 
 309      6720696E 
 309      7400
 310              	.LASF8:
 311 000e 756E7369 		.ascii	"unsigned int\000"
 311      676E6564 
 311      20696E74 
 311      00
 312              	.LASF18:
 313 001b 64656C61 		.ascii	"delayValue\000"
 313      7956616C 
 313      756500
 314              	.LASF17:
 315 0026 62696E61 		.ascii	"binary1\000"
 315      72793100 
 316              	.LASF5:
 317 002e 6C6F6E67 		.ascii	"long unsigned int\000"
 317      20756E73 
 317      69676E65 
 317      6420696E 
 317      7400
 318              	.LASF7:
 319 0040 6C6F6E67 		.ascii	"long long unsigned int\000"
 319      206C6F6E 
 319      6720756E 
 319      7369676E 
 319      65642069 
 320              	.LASF9:
 321 0057 666C6F61 		.ascii	"float\000"
 321      7400
 322              	.LASF15:
 323 005d 433A5C55 		.ascii	"C:\\Users\\tyran\\Desktop\\ASU\\EGR 304 PSoC Work\\"
 323      73657273 
 323      5C747972 
 323      616E5C44 
 323      65736B74 
 324 008a 5072696D 		.ascii	"Primary Board Code\\PrimaryBoardCode.cydsn\000"
 324      61727920 
 324      426F6172 
 324      6420436F 
 324      64655C50 
 325              	.LASF1:
 326 00b4 756E7369 		.ascii	"unsigned char\000"
 326      676E6564 
 326      20636861 
 326      7200
 327              	.LASF11:
 328 00c2 63686172 		.ascii	"char\000"
 328      00
 329              	.LASF4:
 330 00c7 6C6F6E67 		.ascii	"long int\000"
 330      20696E74 
 330      00
 331              	.LASF10:
 332 00d0 646F7562 		.ascii	"double\000"
ARM GAS  C:\Users\tyran\AppData\Local\Temp\ccHmZahx.s 			page 8


 332      6C6500
 333              	.LASF16:
 334 00d7 73657453 		.ascii	"setStateOff\000"
 334      74617465 
 334      4F666600 
 335              	.LASF3:
 336 00e3 73686F72 		.ascii	"short unsigned int\000"
 336      7420756E 
 336      7369676E 
 336      65642069 
 336      6E7400
 337              	.LASF0:
 338 00f6 7369676E 		.ascii	"signed char\000"
 338      65642063 
 338      68617200 
 339              	.LASF14:
 340 0102 4C454446 		.ascii	"LEDFunctions.c\000"
 340      756E6374 
 340      696F6E73 
 340      2E6300
 341              	.LASF13:
 342 0111 474E5520 		.ascii	"GNU C 4.9.3 20150303 (release) [ARM/embedded-4_9-br"
 342      4320342E 
 342      392E3320 
 342      32303135 
 342      30333033 
 343 0144 616E6368 		.ascii	"anch revision 221220] -mcpu=cortex-m0 -mthumb -g -O"
 343      20726576 
 343      6973696F 
 343      6E203232 
 343      31323230 
 344 0177 67202D66 		.ascii	"g -ffunction-sections -ffat-lto-objects\000"
 344      66756E63 
 344      74696F6E 
 344      2D736563 
 344      74696F6E 
 345              	.LASF2:
 346 019f 73686F72 		.ascii	"short int\000"
 346      7420696E 
 346      7400
 347              	.LASF12:
 348 01a9 73697A65 		.ascii	"sizetype\000"
 348      74797065 
 348      00
 349              		.ident	"GCC: (GNU Tools for ARM Embedded Processors) 4.9.3 20150303 (release) [ARM/embedded-4_9-br
